获取ip成功
协议为http,一共获取486个代理ip
(1, '错误')
(2, 'Guangzhou Shi', '121.36.17.97', '121.36.17.97:808', 1)
已写入.......121.36.17.97:808
(3, '错误')
(4, 'Ramos', '69.24.200.254', '69.24.200.254:8080', 2)
已写入.......69.24.200.254:8080
(5, '错误')
(6, '错误')
(7, '错误')
(8, 'Ribarroja del Turia', '83.136.184.194', '83.136.184.194:999', 3)
已写入.......83.136.184.194:999
(9, '错误')
(10, '错误')
(11, '错误')
(12, '错误')
(13, '错误')
(14, '错误')
(15, '错误')
(16, '错误')
(17, '错误')
(18, '错误')
(19, '错误')
(20, '错误')
(21, '错误')
(22, '错误')
(23, '错误')
(24, '错误')
(25, '错误')
(26, '错误')
(27, '错误')
(28, '错误')
(29, '错误')
(30, '错误')
(31, '错误')
(32, '错误')
(33, '错误')
(34, '错误')
(35, '错误')
(36, '错误')
(37, '错误')
(38, '错误')
(39, '错误')
(40, '错误')
(41, '错误')
(42, '错误')
(43, '错误')
(44, '错误')
(45, '错误')
(46, '错误')
(47, '错误')
(48, '错误')
(49, '错误')
(50, '错误')
(51, '错误')
(52, '错误')
(53, '错误')
(54, '错误')
(55, '错误')
(56, '错误')
(57, '错误')
(58, '错误')
(59, '错误')
(60, '错误')
(61, '错误')
(62, '错误')
(63, '错误')
(64, '错误')
(65, '错误')
(66, '错误')
(67, '错误')
(68, '错误')
(69, '错误')
(70, '错误')
(71, '错误')
(72, '错误')
(73, '错误')
(74, '错误')
(75, '错误')
(76, '错误')
(77, '错误')
(78, '错误')
(79, '错误')
(80, '错误')
(81, '错误')
(82, '错误')
(83, '错误')
(84, '错误')
(85, '错误')
(86, '错误')
(87, '错误')
(88, '错误')
(89, '错误')
(90, '错误')
(91, '错误')
(92, '错误')
(93, '错误')
(94, '错误')
(95, '错误')
(96, '错误')
(97, '错误')
(98, '错误')
(99, '错误')
(100, '错误')
(101, '错误')
(102, '错误')
(103, '错误')
(104, '错误')
(105, '错误')
(106, '错误')
(107, '错误')
(108, '错误')
(109, '错误')
(110, '错误')
(111, '错误')
(112, '错误')
(113, '错误')
(114, '错误')
(115, '错误')
(116, '错误')
(117, '错误')
(118, '错误')
(119, '错误')
(120, '错误')
(121, '错误')
(122, '错误')
(123, '错误')
(124, '错误')
(125, '错误')
(126, '错误')
(127, '错误')
(128, '错误')
(129, '错误')
(130, '错误')
(131, '错误')
(132, '错误')
(133, '错误')
(134, '错误')
(135, '错误')
(136, '错误')
(137, '错误')
(138, '错误')
(139, '错误')
(140, '错误')
(141, '错误')
(142, '错误')
(143, '错误')
(144, '错误')
(145, '错误')
(146, '错误')
(147, '错误')
(148, '错误')
(149, '错误')
(150, '错误')
(151, '错误')
(152, '错误')
(153, '错误')
(154, '错误')
(155, '错误')
(156, '错误')
(157, '错误')
(158, '错误')
(159, '错误')
(160, '错误')
(161, '错误')
(162, '错误')
(163, '错误')
(164, '错误')
(165, '错误')
(166, '错误')
(167, '错误')
(168, '错误')
(169, '错误')
(170, '错误')
(171, '错误')
(172, '错误')
(173, '错误')
(174, '错误')
(175, '错误')
(176, '错误')
(177, '错误')
(178, '错误')
(179, '错误')
(180, '错误')
(181, '错误')
(182, '错误')
(183, '错误')
(184, '错误')
(185, '错误')
(186, '错误')
(187, '错误')
(188, '错误')
(189, '错误')
(190, '错误')
(191, '错误')
(192, '错误')
(193, '错误')
(194, '错误')
(195, '错误')
(196, '错误')
(197, '错误')
(198, '错误')
(199, '错误')
(200, '错误')
(201, '错误')
(202, '错误')
(203, '错误')
(204, '错误')
(205, '错误')
(206, '错误')
(207, '错误')
(208, '错误')
(209, '错误')
(210, '错误')
(211, '错误')
(212, '错误')
(213, '错误')
(214, '错误')
(215, '错误')
(216, '错误')
(217, '错误')
(218, '错误')
(219, '错误')
(220, '错误')
(221, '错误')
(222, '错误')
(223, '错误')
(224, '错误')
(225, '错误')
(226, '错误')
(227, '错误')
(228, '错误')
(229, '错误')
(230, '错误')
(231, '错误')
(232, '错误')
(233, '错误')
(234, '错误')
(235, '错误')
(236, '错误')
(237, '错误')
(238, '错误')
(239, '错误')
(240, '错误')
(241, '错误')
(242, '错误')
(243, '错误')
(244, '错误')
(245, '错误')
(246, '错误')
(247, '错误')
(248, '错误')
(249, '错误')
(250, '错误')
(251, '错误')
(252, '错误')
(253, '错误')
(254, '错误')
(255, '错误')
(256, '错误')
(257, '错误')
(258, '错误')
(259, '错误')
(260, '错误')
(261, '错误')
(262, '错误')
(263, '错误')
(264, '错误')
(265, '错误')
(266, '错误')
(267, '错误')
(268, '错误')
(269, '错误')
(270, '错误')
(271, '错误')
(272, '错误')
(273, '错误')
(274, '错误')
(275, '错误')
(276, '错误')
(277, '错误')
(278, '错误')
(279, '错误')
(280, '错误')
(281, '错误')
(282, '错误')
(283, '错误')
(284, '错误')
(285, '错误')
(286, '错误')
(287, '错误')
(288, '错误')
(289, '错误')
(290, '错误')
(291, '错误')
(292, '错误')
(293, '错误')
(294, '错误')
(295, '错误')
(296, '错误')
(297, '错误')
(298, '错误')
(299, '错误')
(300, '错误')
(301, '错误')
(302, '错误')
(303, '错误')
(304, '错误')
(305, '错误')
(306, '错误')
(307, '错误')
(308, '错误')
(309, '错误')
(310, '错误')
(311, '错误')
(312, '错误')
(313, '错误')
(314, '错误')
(315, '错误')
(316, '错误')
(317, '错误')
(318, '错误')
(319, '错误')
(320, '错误')
(321, '错误')
(322, '错误')
(323, '错误')
(324, '错误')
(325, '错误')
(326, '错误')
(327, '错误')
(328, '错误')
(329, '错误')
(330, '错误')
(331, '错误')
(332, '错误')
(333, '错误')
(334, '错误')
(335, '错误')
(336, '错误')
(337, '错误')
(338, '错误')
(339, '错误')
(340, '错误')
(341, '错误')
(342, '错误')
(343, '错误')
(344, '错误')
(345, '错误')
(346, '错误')
(347, '错误')
(348, '错误')
(349, '错误')
(350, '错误')
(351, '错误')
(352, '错误')
(353, '错误')
(354, '错误')
(355, '错误')
(356, '错误')
(357, '错误')
(358, '错误')
(359, '错误')
(360, '错误')
(361, '错误')
(362, '错误')
(363, '错误')
(364, '错误')
(365, '错误')
(366, '错误')
(367, '错误')
(368, '错误')
(369, '错误')
(370, '错误')
(371, '错误')
(372, '错误')
(373, '错误')
(374, '错误')
(375, '错误')
(376, '错误')
(377, '错误')
(378, '错误')
(379, '错误')
(380, '错误')
(381, '错误')
(382, '错误')
(383, '错误')
(384, '错误')
(385, '错误')
(386, '错误')
(387, '错误')
(388, '错误')
(389, '错误')
(390, '错误')
(391, '错误')
(392, '错误')
(393, '错误')
(394, '错误')
(395, '错误')
(396, '错误')
(397, '错误')
(398, '错误')
(399, '错误')
(400, '错误')
(401, '错误')
(402, '错误')
(403, '错误')
(404, '错误')
(405, '错误')
(406, '错误')
(407, '错误')
(408, '错误')
(409, '错误')
(410, '错误')
(411, '错误')
(412, '错误')
(413, '错误')
(414, '错误')
(415, '错误')
(416, '错误')
(417, '错误')
(418, '错误')
(419, '错误')
(420, '错误')
(421, '错误')
(422, '错误')
(423, '错误')
(424, '错误')
(425, '错误')
(426, '错误')
(427, '错误')
(428, '错误')
(429, '错误')
(430, '错误')
(431, '错误')
(432, '错误')
(433, '错误')
(434, '错误')
(435, '错误')
(436, '错误')
(437, '错误')
(438, '错误')
(439, '错误')
(440, '错误')
(441, '错误')
(442, '错误')
(443, '错误')
(444, '错误')
(445, '错误')
(446, '错误')
(447, '错误')
(448, '错误')
(449, '错误')
(450, '错误')
(451, '错误')
(452, '错误')
(453, '错误')
(454, '错误')
(455, '错误')
(456, '错误')
(457, '错误')
(458, '错误')
(459, '错误')
(460, '错误')
(461, '错误')
(462, '错误')
(463, '错误')
(464, '错误')
(465, '错误')
(466, '错误')
(467, '错误')
(468, '错误')
(469, '错误')
(470, '错误')
(471, '错误')
(472, '错误')
(473, '错误')
(474, '错误')
(475, '错误')
(476, '错误')
(477, '错误')
(478, '错误')
(479, '错误')
(480, '错误')
(481, '错误')
(482, '错误')
(483, '错误')
(484, '错误')
(485, '错误')
(486, '错误')
